DEBUG ru.omsu.javaformatter.Formatter: started formatting
DEBUG ru.omsu.javaformatter.Formatter: finished formatting
DEBUG ru.omsu.javaformatter.Formatter: started formatting
DEBUG ru.omsu.javaformatter.Formatter: finished formatting
DEBUG ru.omsu.javaformatter.Formatter: started formatting
FATAL ru.omsu.javaformatter.Formatter: 
java.lang.NegativeArraySizeException
	at ru.omsu.javaformatter.Formatter.formIndent(Formatter.java:151)
	at ru.omsu.javaformatter.Formatter.format(Formatter.java:75)
	at ru.omsu.javaformatter.gui.MainForm.stringProcessButtonActionPerformed(MainForm.java:283)
	at ru.omsu.javaformatter.gui.MainForm.access$300(MainForm.java:26)
	at ru.omsu.javaformatter.gui.MainForm$4.actionPerformed(MainForm.java:153)
	at javax.swing.AbstractButton.fireActionPerformed(AbstractButton.java:1995)
	at javax.swing.AbstractButton$Handler.actionPerformed(AbstractButton.java:2318)
	at javax.swing.DefaultButtonModel.fireActionPerformed(DefaultButtonModel.java:387)
	at javax.swing.DefaultButtonModel.setPressed(DefaultButtonModel.java:242)
	at javax.swing.plaf.basic.BasicButtonListener.mouseReleased(BasicButtonListener.java:236)
	at java.awt.Component.processMouseEvent(Component.java:6290)
	at javax.swing.JComponent.processMouseEvent(JComponent.java:3267)
	at java.awt.Component.processEvent(Component.java:6055)
	at java.awt.Container.processEvent(Container.java:2039)
	at java.awt.Component.dispatchEventImpl(Component.java:4653)
	at java.awt.Container.dispatchEventImpl(Container.java:2097)
	at java.awt.Component.dispatchEvent(Component.java:4481)
	at java.awt.LightweightDispatcher.retargetMouseEvent(Container.java:4575)
	at java.awt.LightweightDispatcher.processMouseEvent(Container.java:4236)
	at java.awt.LightweightDispatcher.dispatchEvent(Container.java:4166)
	at java.awt.Container.dispatchEventImpl(Container.java:2083)
	at java.awt.Window.dispatchEventImpl(Window.java:2482)
	at java.awt.Component.dispatchEvent(Component.java:4481)
	at java.awt.EventQueue.dispatchEventImpl(EventQueue.java:648)
	at java.awt.EventQueue.access$000(EventQueue.java:84)
	at java.awt.EventQueue$1.run(EventQueue.java:607)
	at java.awt.EventQueue$1.run(EventQueue.java:605)
	at java.security.AccessController.doPrivileged(Native Method)
	at java.security.AccessControlContext$1.doIntersectionPrivilege(AccessControlContext.java:87)
	at java.security.AccessControlContext$1.doIntersectionPrivilege(AccessControlContext.java:98)
	at java.awt.EventQueue$2.run(EventQueue.java:621)
	at java.awt.EventQueue$2.run(EventQueue.java:619)
	at java.security.AccessController.doPrivileged(Native Method)
	at java.security.AccessControlContext$1.doIntersectionPrivilege(AccessControlContext.java:87)
	at java.awt.EventQueue.dispatchEvent(EventQueue.java:618)
	at java.awt.EventDispatchThread.pumpOneEventForFilters(EventDispatchThread.java:269)
	at java.awt.EventDispatchThread.pumpEventsForFilter(EventDispatchThread.java:184)
	at java.awt.EventDispatchThread.pumpEventsForHierarchy(EventDispatchThread.java:174)
	at java.awt.EventDispatchThread.pumpEvents(EventDispatchThread.java:169)
	at java.awt.EventDispatchThread.pumpEvents(EventDispatchThread.java:161)
	at java.awt.EventDispatchThread.run(EventDispatchThread.java:122)
DEBUG ru.omsu.javaformatter.Formatter: started formatting
FATAL ru.omsu.javaformatter.Formatter: 
java.lang.NegativeArraySizeException
	at ru.omsu.javaformatter.Formatter.formIndent(Formatter.java:151)
	at ru.omsu.javaformatter.Formatter.format(Formatter.java:75)
	at ru.omsu.javaformatter.gui.MainForm.stringProcessButtonActionPerformed(MainForm.java:283)
	at ru.omsu.javaformatter.gui.MainForm.access$300(MainForm.java:26)
	at ru.omsu.javaformatter.gui.MainForm$4.actionPerformed(MainForm.java:153)
	at javax.swing.AbstractButton.fireActionPerformed(AbstractButton.java:1995)
	at javax.swing.AbstractButton$Handler.actionPerformed(AbstractButton.java:2318)
	at javax.swing.DefaultButtonModel.fireActionPerformed(DefaultButtonModel.java:387)
	at javax.swing.DefaultButtonModel.setPressed(DefaultButtonModel.java:242)
	at javax.swing.plaf.basic.BasicButtonListener.mouseReleased(BasicButtonListener.java:236)
	at java.awt.Component.processMouseEvent(Component.java:6290)
	at javax.swing.JComponent.processMouseEvent(JComponent.java:3267)
	at java.awt.Component.processEvent(Component.java:6055)
	at java.awt.Container.processEvent(Container.java:2039)
	at java.awt.Component.dispatchEventImpl(Component.java:4653)
	at java.awt.Container.dispatchEventImpl(Container.java:2097)
	at java.awt.Component.dispatchEvent(Component.java:4481)
	at java.awt.LightweightDispatcher.retargetMouseEvent(Container.java:4575)
	at java.awt.LightweightDispatcher.processMouseEvent(Container.java:4236)
	at java.awt.LightweightDispatcher.dispatchEvent(Container.java:4166)
	at java.awt.Container.dispatchEventImpl(Container.java:2083)
	at java.awt.Window.dispatchEventImpl(Window.java:2482)
	at java.awt.Component.dispatchEvent(Component.java:4481)
	at java.awt.EventQueue.dispatchEventImpl(EventQueue.java:648)
	at java.awt.EventQueue.access$000(EventQueue.java:84)
	at java.awt.EventQueue$1.run(EventQueue.java:607)
	at java.awt.EventQueue$1.run(EventQueue.java:605)
	at java.security.AccessController.doPrivileged(Native Method)
	at java.security.AccessControlContext$1.doIntersectionPrivilege(AccessControlContext.java:87)
	at java.security.AccessControlContext$1.doIntersectionPrivilege(AccessControlContext.java:98)
	at java.awt.EventQueue$2.run(EventQueue.java:621)
	at java.awt.EventQueue$2.run(EventQueue.java:619)
	at java.security.AccessController.doPrivileged(Native Method)
	at java.security.AccessControlContext$1.doIntersectionPrivilege(AccessControlContext.java:87)
	at java.awt.EventQueue.dispatchEvent(EventQueue.java:618)
	at java.awt.EventDispatchThread.pumpOneEventForFilters(EventDispatchThread.java:269)
	at java.awt.EventDispatchThread.pumpEventsForFilter(EventDispatchThread.java:184)
	at java.awt.EventDispatchThread.pumpEventsForHierarchy(EventDispatchThread.java:174)
	at java.awt.EventDispatchThread.pumpEvents(EventDispatchThread.java:169)
	at java.awt.EventDispatchThread.pumpEvents(EventDispatchThread.java:161)
	at java.awt.EventDispatchThread.run(EventDispatchThread.java:122)
DEBUG ru.omsu.javaformatter.Formatter: started formatting
FATAL ru.omsu.javaformatter.Formatter: 
java.lang.NegativeArraySizeException
	at ru.omsu.javaformatter.Formatter.formIndent(Formatter.java:151)
	at ru.omsu.javaformatter.Formatter.format(Formatter.java:75)
	at ru.omsu.javaformatter.gui.MainForm.stringProcessButtonActionPerformed(MainForm.java:283)
	at ru.omsu.javaformatter.gui.MainForm.access$300(MainForm.java:26)
	at ru.omsu.javaformatter.gui.MainForm$4.actionPerformed(MainForm.java:153)
	at javax.swing.AbstractButton.fireActionPerformed(AbstractButton.java:1995)
	at javax.swing.AbstractButton$Handler.actionPerformed(AbstractButton.java:2318)
	at javax.swing.DefaultButtonModel.fireActionPerformed(DefaultButtonModel.java:387)
	at javax.swing.DefaultButtonModel.setPressed(DefaultButtonModel.java:242)
	at javax.swing.plaf.basic.BasicButtonListener.mouseReleased(BasicButtonListener.java:236)
	at java.awt.Component.processMouseEvent(Component.java:6290)
	at javax.swing.JComponent.processMouseEvent(JComponent.java:3267)
	at java.awt.Component.processEvent(Component.java:6055)
	at java.awt.Container.processEvent(Container.java:2039)
	at java.awt.Component.dispatchEventImpl(Component.java:4653)
	at java.awt.Container.dispatchEventImpl(Container.java:2097)
	at java.awt.Component.dispatchEvent(Component.java:4481)
	at java.awt.LightweightDispatcher.retargetMouseEvent(Container.java:4575)
	at java.awt.LightweightDispatcher.processMouseEvent(Container.java:4236)
	at java.awt.LightweightDispatcher.dispatchEvent(Container.java:4166)
	at java.awt.Container.dispatchEventImpl(Container.java:2083)
	at java.awt.Window.dispatchEventImpl(Window.java:2482)
	at java.awt.Component.dispatchEvent(Component.java:4481)
	at java.awt.EventQueue.dispatchEventImpl(EventQueue.java:648)
	at java.awt.EventQueue.access$000(EventQueue.java:84)
	at java.awt.EventQueue$1.run(EventQueue.java:607)
	at java.awt.EventQueue$1.run(EventQueue.java:605)
	at java.security.AccessController.doPrivileged(Native Method)
	at java.security.AccessControlContext$1.doIntersectionPrivilege(AccessControlContext.java:87)
	at java.security.AccessControlContext$1.doIntersectionPrivilege(AccessControlContext.java:98)
	at java.awt.EventQueue$2.run(EventQueue.java:621)
	at java.awt.EventQueue$2.run(EventQueue.java:619)
	at java.security.AccessController.doPrivileged(Native Method)
	at java.security.AccessControlContext$1.doIntersectionPrivilege(AccessControlContext.java:87)
	at java.awt.EventQueue.dispatchEvent(EventQueue.java:618)
	at java.awt.EventDispatchThread.pumpOneEventForFilters(EventDispatchThread.java:269)
	at java.awt.EventDispatchThread.pumpEventsForFilter(EventDispatchThread.java:184)
	at java.awt.EventDispatchThread.pumpEventsForHierarchy(EventDispatchThread.java:174)
	at java.awt.EventDispatchThread.pumpEvents(EventDispatchThread.java:169)
	at java.awt.EventDispatchThread.pumpEvents(EventDispatchThread.java:161)
	at java.awt.EventDispatchThread.run(EventDispatchThread.java:122)
DEBUG ru.omsu.javaformatter.Formatter: started formatting
DEBUG ru.omsu.javaformatter.Formatter: finished formatting
FATAL ru.omsu.javaformatter.Formatter: 
java.lang.NegativeArraySizeException
	at ru.omsu.javaformatter.Formatter.formIndent(Formatter.java:153)
	at ru.omsu.javaformatter.Formatter.format(Formatter.java:76)
	at ru.omsu.javaformatter.gui.MainForm.stringProcessButtonActionPerformed(MainForm.java:283)
	at ru.omsu.javaformatter.gui.MainForm.access$300(MainForm.java:26)
	at ru.omsu.javaformatter.gui.MainForm$4.actionPerformed(MainForm.java:153)
	at javax.swing.AbstractButton.fireActionPerformed(AbstractButton.java:1995)
	at javax.swing.AbstractButton$Handler.actionPerformed(AbstractButton.java:2318)
	at javax.swing.DefaultButtonModel.fireActionPerformed(DefaultButtonModel.java:387)
	at javax.swing.DefaultButtonModel.setPressed(DefaultButtonModel.java:242)
	at javax.swing.plaf.basic.BasicButtonListener.mouseReleased(BasicButtonListener.java:236)
	at java.awt.Component.processMouseEvent(Component.java:6290)
	at javax.swing.JComponent.processMouseEvent(JComponent.java:3267)
	at java.awt.Component.processEvent(Component.java:6055)
	at java.awt.Container.processEvent(Container.java:2039)
	at java.awt.Component.dispatchEventImpl(Component.java:4653)
	at java.awt.Container.dispatchEventImpl(Container.java:2097)
	at java.awt.Component.dispatchEvent(Component.java:4481)
	at java.awt.LightweightDispatcher.retargetMouseEvent(Container.java:4575)
	at java.awt.LightweightDispatcher.processMouseEvent(Container.java:4236)
	at java.awt.LightweightDispatcher.dispatchEvent(Container.java:4166)
	at java.awt.Container.dispatchEventImpl(Container.java:2083)
	at java.awt.Window.dispatchEventImpl(Window.java:2482)
	at java.awt.Component.dispatchEvent(Component.java:4481)
	at java.awt.EventQueue.dispatchEventImpl(EventQueue.java:648)
	at java.awt.EventQueue.access$000(EventQueue.java:84)
	at java.awt.EventQueue$1.run(EventQueue.java:607)
	at java.awt.EventQueue$1.run(EventQueue.java:605)
	at java.security.AccessController.doPrivileged(Native Method)
	at java.security.AccessControlContext$1.doIntersectionPrivilege(AccessControlContext.java:87)
	at java.security.AccessControlContext$1.doIntersectionPrivilege(AccessControlContext.java:98)
	at java.awt.EventQueue$2.run(EventQueue.java:621)
	at java.awt.EventQueue$2.run(EventQueue.java:619)
	at java.security.AccessController.doPrivileged(Native Method)
	at java.security.AccessControlContext$1.doIntersectionPrivilege(AccessControlContext.java:87)
	at java.awt.EventQueue.dispatchEvent(EventQueue.java:618)
	at java.awt.EventDispatchThread.pumpOneEventForFilters(EventDispatchThread.java:269)
	at java.awt.EventDispatchThread.pumpEventsForFilter(EventDispatchThread.java:184)
	at java.awt.EventDispatchThread.pumpEventsForHierarchy(EventDispatchThread.java:174)
	at java.awt.EventDispatchThread.pumpEvents(EventDispatchThread.java:169)
	at java.awt.EventDispatchThread.pumpEvents(EventDispatchThread.java:161)
	at java.awt.EventDispatchThread.run(EventDispatchThread.java:122)
DEBUG ru.omsu.javaformatter.Formatter: started formatting
TRACE ru.omsu.javaformatter.Formatter: processing char { in state [Start of a line]
TRACE ru.omsu.javaformatter.Formatter: indent increased to 1
TRACE ru.omsu.javaformatter.Formatter: state changed to [After a brace]
TRACE ru.omsu.javaformatter.Formatter: processing char } in state [After a brace]
TRACE ru.omsu.javaformatter.Formatter: state changed to [Start of a line]
TRACE ru.omsu.javaformatter.Formatter: processing char } in state [Start of a line]
TRACE ru.omsu.javaformatter.Formatter: indent decreased to 0
TRACE ru.omsu.javaformatter.Formatter: state changed to [After a brace]
DEBUG ru.omsu.javaformatter.Formatter: finished formatting
